<html>
<head>
<title>TestNG:  Test1</title>
<link href="../testng.css" rel="stylesheet" type="text/css" />
<link href="../my-testng.css" rel="stylesheet" type="text/css" />

<style type="text/css">
.log { display: none;} 
.stack-trace { display: none;} 
</style>
<script type="text/javascript">
<!--
function flip(e) {
  current = e.style.display;
  if (current == 'block') {
    e.style.display = 'none';
    return 0;
  }
  else {
    e.style.display = 'block';
    return 1;
  }
}

function toggleBox(szDivId, elem, msg1, msg2)
{
  var res = -1;  if (document.getElementById) {
    res = flip(document.getElementById(szDivId));
  }
  else if (document.all) {
    // this is the way old msie versions work
    res = flip(document.all[szDivId]);
  }
  if(elem) {
    if(res == 0) elem.innerHTML = msg1; else elem.innerHTML = msg2;
  }

}

function toggleAllBoxes() {
  if (document.getElementsByTagName) {
    d = document.getElementsByTagName('div');
    for (i = 0; i < d.length; i++) {
      if (d[i].className == 'log') {
        flip(d[i]);
      }
    }
  }
}

// -->
</script>

</head>
<body>
<h2 align='center'>Test1</h2><table border='1' align="center">
<tr>
<td>Tests passed/Failed/Skipped:</td><td>14/2/1</td>
</tr><tr>
<td>Started on:</td><td>Mon Mar 29 11:19:50 IST 2021</td>
</tr>
<tr><td>Total time:</td><td>12 seconds (12463 ms)</td>
</tr><tr>
<td>Included groups:</td><td></td>
</tr><tr>
<td>Excluded groups:</td><td></td>
</tr>
</table><p/>
<small><i>(Hover the method name to see the test class name)</i></small><p/>
<table width='100%' border='1' class='invocation-failed'>
<tr><td colspan='4' align='center'><b>FAILED TESTS</b></td></tr>
<tr><td><b>Test method</b></td>
<td width="30%"><b>Exception</b></td>
<td width="10%"><b>Time (seconds)</b></td>
<td><b>Instance</b></td>
</tr>
<tr>
<td title='TestNG_Examples.Exampleoftestngtestclass.TC()'><b>TC</b><br>Test class: TestNG_Examples.Exampleoftestngtestclass</td>
<td><div><pre>org.openqa.selenium.WebDriverException: unknown error: net::ERR_INTERNET_DISCONNECTED
  (Session info: chrome=89.0.4389.90)
Build info: version: &apos;3.141.59&apos;, revision: &apos;e82be7d358&apos;, time: &apos;2018-11-14T08:25:53&apos;
System info: host: &apos;USER-PC&apos;, ip: &apos;127.0.0.1&apos;, os.name: &apos;Windows 7&apos;, os.arch: &apos;amd64&apos;, os.version: &apos;6.1&apos;, java.version: &apos;1.8.0_271&apos;
Driver info: org.openqa.selenium.chrome.ChromeDriver
Capabilities {acceptInsecureCerts: false, browserName: chrome, browserVersion: 89.0.4389.90, chrome: {chromedriverVersion: 88.0.4324.96 (68dba2d8a0b14..., userDataDir: C:\Users\user\AppData\Local...}, goog:chromeOptions: {debuggerAddress: localhost:49237}, javascriptEnabled: true, networkConnectionEnabled: false, pageLoadStrategy: normal, platform: WINDOWS, platformName: WINDOWS, proxy: Proxy(), setWindowRect: true, strictFileInteractability: false, timeouts: {implicit: 0, pageLoad: 300000, script: 30000}, unhandledPromptBehavior: dismiss and notify, webauthn:extension:largeBlob: true, webauthn:virtualAuthenticators: true}
Session ID: 9d3c71a34bb479573ac9c518fba64978
	at org.openqa.selenium.remote.http.W3CHttpResponseCodec.createException(W3CHttpResponseCodec.java:187)
	at org.openqa.selenium.remote.http.W3CHttpResponseCodec.decode(W3CHttpResponseCodec.java:122)
	at org.openqa.selenium.remote.http.W3CHttpResponseCodec.decode(W3CHttpResponseCodec.java:49)
	at org.openqa.selenium.remote.HttpCommandExecutor.execute(HttpCommandExecutor.java:158)
	at org.openqa.selenium.remote.service.DriverCommandExecutor.execute(DriverCommandExecutor.java:83)
	at org.openqa.selenium.remote.RemoteWebDriver.execute(RemoteWebDriver.java:552)
	at org.openqa.selenium.remote.RemoteWebDriver.get(RemoteWebDriver.java:277)
	at TestNG_Examples.Exampleoftestngtestclass.TC(Exampleoftestngtestclass.java:20)
	at java.util.ArrayList.forEach(Unknown Source)
... Removed 31 stack frames</pre></div><a href='#' onClick='toggleBox("stack-trace284686302", this, "Click to show all stack frames", "Click to hide stack frames")'>Click to show all stack frames</a>
<div class='stack-trace' id='stack-trace284686302'><pre>org.openqa.selenium.WebDriverException: unknown error: net::ERR_INTERNET_DISCONNECTED
  (Session info: chrome=89.0.4389.90)
Build info: version: &apos;3.141.59&apos;, revision: &apos;e82be7d358&apos;, time: &apos;2018-11-14T08:25:53&apos;
System info: host: &apos;USER-PC&apos;, ip: &apos;127.0.0.1&apos;, os.name: &apos;Windows 7&apos;, os.arch: &apos;amd64&apos;, os.version: &apos;6.1&apos;, java.version: &apos;1.8.0_271&apos;
Driver info: org.openqa.selenium.chrome.ChromeDriver
Capabilities {acceptInsecureCerts: false, browserName: chrome, browserVersion: 89.0.4389.90, chrome: {chromedriverVersion: 88.0.4324.96 (68dba2d8a0b14..., userDataDir: C:\Users\user\AppData\Local...}, goog:chromeOptions: {debuggerAddress: localhost:49237}, javascriptEnabled: true, networkConnectionEnabled: false, pageLoadStrategy: normal, platform: WINDOWS, platformName: WINDOWS, proxy: Proxy(), setWindowRect: true, strictFileInteractability: false, timeouts: {implicit: 0, pageLoad: 300000, script: 30000}, unhandledPromptBehavior: dismiss and notify, webauthn:extension:largeBlob: true, webauthn:virtualAuthenticators: true}
Session ID: 9d3c71a34bb479573ac9c518fba64978
	at sun.reflect.NativeConstructorAccessorImpl.newInstance0(Native Method)
	at sun.reflect.NativeConstructorAccessorImpl.newInstance(Unknown Source)
	at sun.reflect.DelegatingConstructorAccessorImpl.newInstance(Unknown Source)
	at java.lang.reflect.Constructor.newInstance(Unknown Source)
	at org.openqa.selenium.remote.http.W3CHttpResponseCodec.createException(W3CHttpResponseCodec.java:187)
	at org.openqa.selenium.remote.http.W3CHttpResponseCodec.decode(W3CHttpResponseCodec.java:122)
	at org.openqa.selenium.remote.http.W3CHttpResponseCodec.decode(W3CHttpResponseCodec.java:49)
	at org.openqa.selenium.remote.HttpCommandExecutor.execute(HttpCommandExecutor.java:158)
	at org.openqa.selenium.remote.service.DriverCommandExecutor.execute(DriverCommandExecutor.java:83)
	at org.openqa.selenium.remote.RemoteWebDriver.execute(RemoteWebDriver.java:552)
	at org.openqa.selenium.remote.RemoteWebDriver.get(RemoteWebDriver.java:277)
	at TestNG_Examples.Exampleoftestngtestclass.TC(Exampleoftestngtestclass.java:20)
	at sun.reflect.NativeMethodAccessorImpl.invoke0(Native Method)
	at sun.reflect.NativeMethodAccessorImpl.invoke(Unknown Source)
	at sun.reflect.DelegatingMethodAccessorImpl.invoke(Unknown Source)
	at java.lang.reflect.Method.invoke(Unknown Source)
	at org.testng.internal.MethodInvocationHelper.invokeMethod(MethodInvocationHelper.java:132)
	at org.testng.internal.TestInvoker.invokeMethod(TestInvoker.java:599)
	at org.testng.internal.TestInvoker.invokeTestMethod(TestInvoker.java:174)
	at org.testng.internal.MethodRunner.runInSequence(MethodRunner.java:46)
	at org.testng.internal.TestInvoker$MethodInvocationAgent.invoke(TestInvoker.java:822)
	at org.testng.internal.TestInvoker.invokeTestMethods(TestInvoker.java:147)
	at org.testng.internal.TestMethodWorker.invokeTestMethods(TestMethodWorker.java:146)
	at org.testng.internal.TestMethodWorker.run(TestMethodWorker.java:128)
	at java.util.ArrayList.forEach(Unknown Source)
	at org.testng.TestRunner.privateRun(TestRunner.java:764)
	at org.testng.TestRunner.run(TestRunner.java:585)
	at org.testng.SuiteRunner.runTest(SuiteRunner.java:384)
	at org.testng.SuiteRunner.runSequentially(SuiteRunner.java:378)
	at org.testng.SuiteRunner.privateRun(SuiteRunner.java:337)
	at org.testng.SuiteRunner.run(SuiteRunner.java:286)
	at org.testng.SuiteRunnerWorker.runSuite(SuiteRunnerWorker.java:53)
	at org.testng.SuiteRunnerWorker.run(SuiteRunnerWorker.java:96)
	at org.testng.TestNG.runSuitesSequentially(TestNG.java:1218)
	at org.testng.TestNG.runSuitesLocally(TestNG.java:1140)
	at org.testng.TestNG.runSuites(TestNG.java:1069)
	at org.testng.TestNG.run(TestNG.java:1037)
	at org.testng.remote.AbstractRemoteTestNG.run(AbstractRemoteTestNG.java:115)
	at org.testng.remote.RemoteTestNG.initAndRun(RemoteTestNG.java:251)
	at org.testng.remote.RemoteTestNG.main(RemoteTestNG.java:77)
</pre></div></td>
<td>4</td>
<td>TestNG_Examples.Exampleoftestngtestclass@131276c2</td></tr>
<tr>
<td title='TestNG_Examples.testNG_Keyword.login2()'><b>login2</b><br>Test class: TestNG_Examples.testNG_Keyword</td>
<td><div><pre>org.testng.internal.thread.ThreadTimeoutException: Method TestNG_Examples.testNG_Keyword.login2() didn&apos;t finish within the time-out 8000
	at java.util.ArrayList.forEach(Unknown Source)
... Removed 24 stack frames</pre></div><a href='#' onClick='toggleBox("stack-trace417557780", this, "Click to show all stack frames", "Click to hide stack frames")'>Click to show all stack frames</a>
<div class='stack-trace' id='stack-trace417557780'><pre>org.testng.internal.thread.ThreadTimeoutException: Method TestNG_Examples.testNG_Keyword.login2() didn&apos;t finish within the time-out 8000
	at org.testng.internal.MethodInvocationHelper.invokeWithTimeoutWithNewExecutor(MethodInvocationHelper.java:371)
	at org.testng.internal.MethodInvocationHelper.invokeWithTimeout(MethodInvocationHelper.java:282)
	at org.testng.internal.TestInvoker.invokeMethod(TestInvoker.java:605)
	at org.testng.internal.TestInvoker.invokeTestMethod(TestInvoker.java:174)
	at org.testng.internal.MethodRunner.runInSequence(MethodRunner.java:46)
	at org.testng.internal.TestInvoker$MethodInvocationAgent.invoke(TestInvoker.java:822)
	at org.testng.internal.TestInvoker.invokeTestMethods(TestInvoker.java:147)
	at org.testng.internal.TestMethodWorker.invokeTestMethods(TestMethodWorker.java:146)
	at org.testng.internal.TestMethodWorker.run(TestMethodWorker.java:128)
	at java.util.ArrayList.forEach(Unknown Source)
	at org.testng.TestRunner.privateRun(TestRunner.java:764)
	at org.testng.TestRunner.run(TestRunner.java:585)
	at org.testng.SuiteRunner.runTest(SuiteRunner.java:384)
	at org.testng.SuiteRunner.runSequentially(SuiteRunner.java:378)
	at org.testng.SuiteRunner.privateRun(SuiteRunner.java:337)
	at org.testng.SuiteRunner.run(SuiteRunner.java:286)
	at org.testng.SuiteRunnerWorker.runSuite(SuiteRunnerWorker.java:53)
	at org.testng.SuiteRunnerWorker.run(SuiteRunnerWorker.java:96)
	at org.testng.TestNG.runSuitesSequentially(TestNG.java:1218)
	at org.testng.TestNG.runSuitesLocally(TestNG.java:1140)
	at org.testng.TestNG.runSuites(TestNG.java:1069)
	at org.testng.TestNG.run(TestNG.java:1037)
	at org.testng.remote.AbstractRemoteTestNG.run(AbstractRemoteTestNG.java:115)
	at org.testng.remote.RemoteTestNG.initAndRun(RemoteTestNG.java:251)
	at org.testng.remote.RemoteTestNG.main(RemoteTestNG.java:77)
</pre></div></td>
<td>8</td>
<td>TestNG_Examples.testNG_Keyword@26aa12dd</td></tr>
</table><p>
<table width='100%' border='1' class='invocation-passed'>
<tr><td colspan='4' align='center'><b>PASSED TESTS</b></td></tr>
<tr><td><b>Test method</b></td>
<td width="30%"><b>Exception</b></td>
<td width="10%"><b>Time (seconds)</b></td>
<td><b>Instance</b></td>
</tr>
<tr>
<td title='TestNG_Examples.sample1.TC1()'><b>TC1</b><br>Test class: TestNG_Examples.sample1<br/>
<a href="#Output-53940034" onClick='toggleBox("Output-53940034", this, "Show output", "Hide output");'>Show output</a>

<a href="#Output-53940034" onClick="toggleAllBoxes();">Show all outputs</a>
<div class='log' id="Output-53940034">
Running TC1 <br/>
</div>
</td>
<td></td>
<td>0</td>
<td>TestNG_Examples.sample1@711f39f9</td></tr>
<tr>
<td title='TestNG_Examples.sample3.TC10()'><b>TC10</b><br>Test class: TestNG_Examples.sample3<br/>
<a href="#Output-1520387953" onClick='toggleBox("Output-1520387953", this, "Show output", "Hide output");'>Show output</a>

<a href="#Output-1520387953" onClick="toggleAllBoxes();">Show all outputs</a>
<div class='log' id="Output-1520387953">
Running TC10 <br/>
</div>
</td>
<td></td>
<td>0</td>
<td>TestNG_Examples.sample3@7f13d6e</td></tr>
<tr>
<td title='TestNG_Examples.sample1.TC2()'><b>TC2</b><br>Test class: TestNG_Examples.sample1<br/>
<a href="#Output-1616359099" onClick='toggleBox("Output-1616359099", this, "Show output", "Hide output");'>Show output</a>

<a href="#Output-1616359099" onClick="toggleAllBoxes();">Show all outputs</a>
<div class='log' id="Output-1616359099">
Running TC2 <br/>
</div>
</td>
<td></td>
<td>0</td>
<td>TestNG_Examples.sample1@711f39f9</td></tr>
<tr>
<td title='TestNG_Examples.sample1.TC3()'><b>TC3</b><br>Test class: TestNG_Examples.sample1<br/>
<a href="#Output-1676605578" onClick='toggleBox("Output-1676605578", this, "Show output", "Hide output");'>Show output</a>

<a href="#Output-1676605578" onClick="toggleAllBoxes();">Show all outputs</a>
<div class='log' id="Output-1676605578">
Running TC3 <br/>
</div>
</td>
<td></td>
<td>0</td>
<td>TestNG_Examples.sample1@711f39f9</td></tr>
<tr>
<td title='TestNG_Examples.sample2.TC4()'><b>TC4</b><br>Test class: TestNG_Examples.sample2<br/>
<a href="#Output-858204589" onClick='toggleBox("Output-858204589", this, "Show output", "Hide output");'>Show output</a>

<a href="#Output-858204589" onClick="toggleAllBoxes();">Show all outputs</a>
<div class='log' id="Output-858204589">
Running TC4<br/>
</div>
</td>
<td></td>
<td>0</td>
<td>TestNG_Examples.sample2@3fd7a715</td></tr>
<tr>
<td title='TestNG_Examples.sample2.TC5()'><b>TC5</b><br>Test class: TestNG_Examples.sample2<br/>
<a href="#Output-1976752685" onClick='toggleBox("Output-1976752685", this, "Show output", "Hide output");'>Show output</a>

<a href="#Output-1976752685" onClick="toggleAllBoxes();">Show all outputs</a>
<div class='log' id="Output-1976752685">
Running TC5 <br/>
</div>
</td>
<td></td>
<td>0</td>
<td>TestNG_Examples.sample2@3fd7a715</td></tr>
<tr>
<td title='TestNG_Examples.sample2.TC6()'><b>TC6</b><br>Test class: TestNG_Examples.sample2<br/>
<a href="#Output-1115170891" onClick='toggleBox("Output-1115170891", this, "Show output", "Hide output");'>Show output</a>

<a href="#Output-1115170891" onClick="toggleAllBoxes();">Show all outputs</a>
<div class='log' id="Output-1115170891">
Running TC6 <br/>
</div>
</td>
<td></td>
<td>0</td>
<td>TestNG_Examples.sample2@3fd7a715</td></tr>
<tr>
<td title='TestNG_Examples.sample3.TC7()'><b>TC7</b><br>Test class: TestNG_Examples.sample3<br/>
<a href="#Output-674019271" onClick='toggleBox("Output-674019271", this, "Show output", "Hide output");'>Show output</a>

<a href="#Output-674019271" onClick="toggleAllBoxes();">Show all outputs</a>
<div class='log' id="Output-674019271">
Running TC7 <br/>
</div>
</td>
<td></td>
<td>0</td>
<td>TestNG_Examples.sample3@7f13d6e</td></tr>
<tr>
<td title='TestNG_Examples.sample3.TC8()'><b>TC8</b><br>Test class: TestNG_Examples.sample3<br/>
<a href="#Output-2106165633" onClick='toggleBox("Output-2106165633", this, "Show output", "Hide output");'>Show output</a>

<a href="#Output-2106165633" onClick="toggleAllBoxes();">Show all outputs</a>
<div class='log' id="Output-2106165633">
Running TC8<br/>
</div>
</td>
<td></td>
<td>0</td>
<td>TestNG_Examples.sample3@7f13d6e</td></tr>
<tr>
<td title='TestNG_Examples.sample3.TC9()'><b>TC9</b><br>Test class: TestNG_Examples.sample3<br/>
<a href="#Output-1221991240" onClick='toggleBox("Output-1221991240", this, "Show output", "Hide output");'>Show output</a>

<a href="#Output-1221991240" onClick="toggleAllBoxes();">Show all outputs</a>
<div class='log' id="Output-1221991240">
Running TC9 <br/>
</div>
</td>
<td></td>
<td>0</td>
<td>TestNG_Examples.sample3@7f13d6e</td></tr>
<tr>
<td title='TestNG_Examples.testNG_Keyword.login1()'><b>login1</b><br>Test class: TestNG_Examples.testNG_Keyword<br/>
<a href="#Output-1356840024" onClick='toggleBox("Output-1356840024", this, "Show output", "Hide output");'>Show output</a>

<a href="#Output-1356840024" onClick="toggleAllBoxes();">Show all outputs</a>
<div class='log' id="Output-1356840024">
running login TC<br/>
</div>
</td>
<td></td>
<td>0</td>
<td>TestNG_Examples.testNG_Keyword@26aa12dd</td></tr>
<tr>
<td title='TestNG_Examples.SampleTestClas_EmailableReport.m1()'><b>m1</b><br>Test class: TestNG_Examples.SampleTestClas_EmailableReport</td>
<td></td>
<td>0</td>
<td>TestNG_Examples.SampleTestClas_EmailableReport@71bbf57e</td></tr>
<tr>
<td title='TestNG_Examples.SampleTestClas_EmailableReport.m2()'><b>m2</b><br>Test class: TestNG_Examples.SampleTestClas_EmailableReport</td>
<td></td>
<td>0</td>
<td>TestNG_Examples.SampleTestClas_EmailableReport@71bbf57e</td></tr>
<tr>
<td title='TestNG_Examples.TestNg_annotation.verifyPN()'><b>verifyPN</b><br>Test class: TestNG_Examples.TestNg_annotation<br/>
<a href="#Output-1896294051" onClick='toggleBox("Output-1896294051", this, "Show output", "Hide output");'>Show output</a>

<a href="#Output-1896294051" onClick="toggleAllBoxes();">Show all outputs</a>
<div class='log' id="Output-1896294051">
running Verify PN test case<br/>
</div>
</td>
<td></td>
<td>0</td>
<td>TestNG_Examples.TestNg_annotation@1c3a4799</td></tr>
</table><p>
<table width='100%' border='1' class='invocation-skipped'>
<tr><td colspan='4' align='center'><b>SKIPPED TESTS</b></td></tr>
<tr><td><b>Test method</b></td>
<td width="30%"><b>Exception</b></td>
<td width="10%"><b>Time (seconds)</b></td>
<td><b>Instance</b></td>
</tr>
<tr>
<td title='TestNG_Examples.testNG_Keyword.logout()'><b>logout</b><br>Test class: TestNG_Examples.testNG_Keyword</td>
<td><div><pre>java.lang.Throwable: Method testNG_Keyword.logout()[pri:0, instance:TestNG_Examples.testNG_Keyword@26aa12dd] depends on not successfully finished methods
	at java.util.ArrayList.forEach(Unknown Source)
... Removed 18 stack frames</pre></div><a href='#' onClick='toggleBox("stack-trace332699949", this, "Click to show all stack frames", "Click to hide stack frames")'>Click to show all stack frames</a>
<div class='stack-trace' id='stack-trace332699949'><pre>java.lang.Throwable: Method testNG_Keyword.logout()[pri:0, instance:TestNG_Examples.testNG_Keyword@26aa12dd] depends on not successfully finished methods
	at org.testng.internal.TestInvoker.invokeTestMethods(TestInvoker.java:102)
	at org.testng.internal.TestMethodWorker.invokeTestMethods(TestMethodWorker.java:146)
	at org.testng.internal.TestMethodWorker.run(TestMethodWorker.java:128)
	at java.util.ArrayList.forEach(Unknown Source)
	at org.testng.TestRunner.privateRun(TestRunner.java:764)
	at org.testng.TestRunner.run(TestRunner.java:585)
	at org.testng.SuiteRunner.runTest(SuiteRunner.java:384)
	at org.testng.SuiteRunner.runSequentially(SuiteRunner.java:378)
	at org.testng.SuiteRunner.privateRun(SuiteRunner.java:337)
	at org.testng.SuiteRunner.run(SuiteRunner.java:286)
	at org.testng.SuiteRunnerWorker.runSuite(SuiteRunnerWorker.java:53)
	at org.testng.SuiteRunnerWorker.run(SuiteRunnerWorker.java:96)
	at org.testng.TestNG.runSuitesSequentially(TestNG.java:1218)
	at org.testng.TestNG.runSuitesLocally(TestNG.java:1140)
	at org.testng.TestNG.runSuites(TestNG.java:1069)
	at org.testng.TestNG.run(TestNG.java:1037)
	at org.testng.remote.AbstractRemoteTestNG.run(AbstractRemoteTestNG.java:115)
	at org.testng.remote.RemoteTestNG.initAndRun(RemoteTestNG.java:251)
	at org.testng.remote.RemoteTestNG.main(RemoteTestNG.java:77)
</pre></div></td>
<td>0</td>
<td>TestNG_Examples.testNG_Keyword@26aa12dd</td></tr>
</table><p>
</body>
</html>