<?xml version="1.0" encoding="UTF-8"?>
<!-- Generated by org.testng.reporters.JUnitXMLReporter -->
<testsuite hostname="user-PC" ignored="0" name="Test1" tests="17" failures="2" timestamp="2021-03-29T11:20:02 IST" time="12.463" errors="0">
  <testcase name="verifyPN" time="0.006" classname="TestNG_Examples.TestNg_annotation"/>
  <testcase name="TC" time="4.28" classname="TestNG_Examples.Exampleoftestngtestclass">
    <failure type="org.openqa.selenium.WebDriverException" message="unknown error: net::ERR_INTERNET_DISCONNECTED
  (Session info: chrome=89.0.4389.90)
Build info: version: &amp;apos;3.141.59&amp;apos;, revision: &amp;apos;e82be7d358&amp;apos;, time: &amp;apos;2018-11-14T08:25:53&amp;apos;
System info: host: &amp;apos;USER-PC&amp;apos;, ip: &amp;apos;127.0.0.1&amp;apos;, os.name: &amp;apos;Windows 7&amp;apos;, os.arch: &amp;apos;amd64&amp;apos;, os.version: &amp;apos;6.1&amp;apos;, java.version: &amp;apos;1.8.0_271&amp;apos;
Driver info: org.openqa.selenium.chrome.ChromeDriver
Capabilities {acceptInsecureCerts: false, browserName: chrome, browserVersion: 89.0.4389.90, chrome: {chromedriverVersion: 88.0.4324.96 (68dba2d8a0b14..., userDataDir: C:\Users\user\AppData\Local...}, goog:chromeOptions: {debuggerAddress: localhost:49237}, javascriptEnabled: true, networkConnectionEnabled: false, pageLoadStrategy: normal, platform: WINDOWS, platformName: WINDOWS, proxy: Proxy(), setWindowRect: true, strictFileInteractability: false, timeouts: {implicit: 0, pageLoad: 300000, script: 30000}, unhandledPromptBehavior: dismiss and notify, webauthn:extension:largeBlob: true, webauthn:virtualAuthenticators: true}
Session ID: 9d3c71a34bb479573ac9c518fba64978">
      <![CDATA[org.openqa.selenium.WebDriverException: unknown error: net::ERR_INTERNET_DISCONNECTED
  (Session info: chrome=89.0.4389.90)
Build info: version: '3.141.59', revision: 'e82be7d358', time: '2018-11-14T08:25:53'
System info: host: 'USER-PC', ip: '127.0.0.1', os.name: 'Windows 7', os.arch: 'amd64', os.version: '6.1', java.version: '1.8.0_271'
Driver info: org.openqa.selenium.chrome.ChromeDriver
Capabilities {acceptInsecureCerts: false, browserName: chrome, browserVersion: 89.0.4389.90, chrome: {chromedriverVersion: 88.0.4324.96 (68dba2d8a0b14..., userDataDir: C:\Users\user\AppData\Local...}, goog:chromeOptions: {debuggerAddress: localhost:49237}, javascriptEnabled: true, networkConnectionEnabled: false, pageLoadStrategy: normal, platform: WINDOWS, platformName: WINDOWS, proxy: Proxy(), setWindowRect: true, strictFileInteractability: false, timeouts: {implicit: 0, pageLoad: 300000, script: 30000}, unhandledPromptBehavior: dismiss and notify, webauthn:extension:largeBlob: true, webauthn:virtualAuthenticators: true}
Session ID: 9d3c71a34bb479573ac9c518fba64978
at org.openqa.selenium.remote.http.W3CHttpResponseCodec.createException(W3CHttpResponseCodec.java:187)
at org.openqa.selenium.remote.http.W3CHttpResponseCodec.decode(W3CHttpResponseCodec.java:122)
at org.openqa.selenium.remote.http.W3CHttpResponseCodec.decode(W3CHttpResponseCodec.java:49)
at org.openqa.selenium.remote.HttpCommandExecutor.execute(HttpCommandExecutor.java:158)
at org.openqa.selenium.remote.service.DriverCommandExecutor.execute(DriverCommandExecutor.java:83)
at org.openqa.selenium.remote.RemoteWebDriver.execute(RemoteWebDriver.java:552)
at org.openqa.selenium.remote.RemoteWebDriver.get(RemoteWebDriver.java:277)
at TestNG_Examples.Exampleoftestngtestclass.TC(Exampleoftestngtestclass.java:20)
at java.util.ArrayList.forEach(Unknown Source)
... Removed 31 stack frames]]>
    </failure>
  </testcase> <!-- TC -->
  <testcase name="login1" time="0.005" classname="TestNG_Examples.testNG_Keyword"/>
  <testcase name="login2" time="8.007" classname="TestNG_Examples.testNG_Keyword">
    <failure type="org.testng.internal.thread.ThreadTimeoutException" message="Method TestNG_Examples.testNG_Keyword.login2() didn&amp;apos;t finish within the time-out 8000">
      <![CDATA[org.testng.internal.thread.ThreadTimeoutException: Method TestNG_Examples.testNG_Keyword.login2() didn't finish within the time-out 8000
at java.util.ArrayList.forEach(Unknown Source)
... Removed 24 stack frames]]>
    </failure>
  </testcase> <!-- login2 -->
  <testcase name="logout" time="0.0" classname="TestNG_Examples.testNG_Keyword">
    <skipped/>
  </testcase> <!-- logout -->
  <testcase name="TC4" time="0.001" classname="TestNG_Examples.sample2"/>
  <testcase name="TC5" time="0.002" classname="TestNG_Examples.sample2"/>
  <testcase name="TC6" time="0.002" classname="TestNG_Examples.sample2"/>
  <testcase name="TC1" time="0.002" classname="TestNG_Examples.sample1"/>
  <testcase name="TC2" time="0.001" classname="TestNG_Examples.sample1"/>
  <testcase name="TC3" time="0.001" classname="TestNG_Examples.sample1"/>
  <testcase name="m1" time="0.002" classname="TestNG_Examples.SampleTestClas_EmailableReport"/>
  <testcase name="m2" time="0.002" classname="TestNG_Examples.SampleTestClas_EmailableReport"/>
  <testcase name="TC10" time="0.001" classname="TestNG_Examples.sample3"/>
  <testcase name="TC7" time="0.001" classname="TestNG_Examples.sample3"/>
  <testcase name="TC8" time="0.0" classname="TestNG_Examples.sample3"/>
  <testcase name="TC9" time="0.036" classname="TestNG_Examples.sample3"/>
</testsuite> <!-- Test1 -->
